<?xml version="1.0" encoding="UTF-8"?>
<testng-results ignored="0" total="2" passed="2" failed="0" skipped="0">
  <reporter-output>
  </reporter-output>
  <suite started-at="2023-06-22T12:41:49 IST" name="Suite" finished-at="2023-06-22T12:42:19 IST" duration-ms="29612">
    <groups>
    </groups>
    <test started-at="2023-06-22T12:41:49 IST" name="Test" finished-at="2023-06-22T12:42:19 IST" duration-ms="29612">
      <class name="testcases.VerifyLogin">
        <test-method is-config="true" signature="preCondition()[pri:0, instance:testcases.VerifyLogin@56cdfb3b]" started-at="2023-06-22T12:41:50 IST" name="preCondition" finished-at="2023-06-22T12:41:59 IST" duration-ms="9864" status="PASS">
          <reporter-output>
          </reporter-output>
        </test-method> <!-- preCondition -->
        <test-method signature="runLogin()[pri:0, instance:testcases.VerifyLogin@56cdfb3b]" started-at="2023-06-22T12:41:59 IST" name="runLogin" finished-at="2023-06-22T12:42:06 IST" duration-ms="6317" status="PASS">
          <reporter-output>
          </reporter-output>
        </test-method> <!-- runLogin -->
        <test-method is-config="true" signature="postCondition()[pri:0, instance:testcases.VerifyLogin@56cdfb3b]" started-at="2023-06-22T12:42:06 IST" name="postCondition" finished-at="2023-06-22T12:42:06 IST" duration-ms="9" status="PASS">
          <reporter-output>
          </reporter-output>
        </test-method> <!-- postCondition -->
      </class> <!-- testcases.VerifyLogin -->
      <class name="testcases.RunCreateLead">
        <test-method is-config="true" signature="preCondition()[pri:0, instance:testcases.RunCreateLead@17497425]" started-at="2023-06-22T12:41:50 IST" name="preCondition" finished-at="2023-06-22T12:41:59 IST" duration-ms="9221" status="PASS">
          <reporter-output>
          </reporter-output>
        </test-method> <!-- preCondition -->
        <test-method signature="runCreateLead()[pri:0, instance:testcases.RunCreateLead@17497425]" started-at="2023-06-22T12:41:59 IST" name="runCreateLead" finished-at="2023-06-22T12:42:19 IST" duration-ms="20321" status="PASS">
          <reporter-output>
          </reporter-output>
        </test-method> <!-- runCreateLead -->
        <test-method is-config="true" signature="postCondition()[pri:0, instance:testcases.RunCreateLead@17497425]" started-at="2023-06-22T12:42:19 IST" name="postCondition" finished-at="2023-06-22T12:42:19 IST" duration-ms="0" status="PASS">
          <reporter-output>
          </reporter-output>
        </test-method> <!-- postCondition -->
      </class> <!-- testcases.RunCreateLead -->
    </test> <!-- Test -->
  </suite> <!-- Suite -->
</testng-results>
