<?xml version="1.0" encoding="UTF-8"?>
<testng-results ignored="0" total="1" passed="1" failed="0" skipped="0">
  <reporter-output>
  </reporter-output>
  <suite started-at="2023-06-26T12:20:26 IST" name="Default suite" finished-at="2023-06-26T12:20:52 IST" duration-ms="26056">
    <groups>
    </groups>
    <test started-at="2023-06-26T12:20:26 IST" name="Default test" finished-at="2023-06-26T12:20:52 IST" duration-ms="26056">
      <class name="testcases.RunCreateLead">
        <test-method is-config="true" signature="preCondition()[pri:0, instance:testcases.RunCreateLead@7fee8714]" started-at="2023-06-26T12:20:26 IST" name="preCondition" finished-at="2023-06-26T12:20:33 IST" duration-ms="6550" status="PASS">
          <reporter-output>
          </reporter-output>
        </test-method> <!-- preCondition -->
        <test-method signature="runCreateLead()[pri:0, instance:testcases.RunCreateLead@7fee8714]" started-at="2023-06-26T12:20:33 IST" name="runCreateLead" finished-at="2023-06-26T12:20:52 IST" duration-ms="18683" status="PASS">
          <reporter-output>
          </reporter-output>
        </test-method> <!-- runCreateLead -->
        <test-method is-config="true" signature="postCondition()[pri:0, instance:testcases.RunCreateLead@7fee8714]" started-at="2023-06-26T12:20:52 IST" name="postCondition" finished-at="2023-06-26T12:20:52 IST" duration-ms="748" status="PASS">
          <reporter-output>
          </reporter-output>
        </test-method> <!-- postCondition -->
      </class> <!-- testcases.RunCreateLead -->
    </test> <!-- Default test -->
  </suite> <!-- Default suite -->
</testng-results>
